<?xml version="1.0" encoding="UTF-8"?>
<testsuite name="agh.ics.oop.AnimalTest" tests="1" skipped="0" failures="0" errors="0" timestamp="2023-11-14T21:07:00" hostname="ARIEL_PC" time="0.046">
  <properties/>
  <testcase name="testSimulation()" classname="agh.ics.oop.AnimalTest" time="0.046"/>
  <system-out><![CDATA[[FORWARD, BACKWARD, RIGHT, LEFT]
ZwiÄ™rzÄ™ 0 : (2,3)
ZwiÄ™rzÄ™ 1 : (3,2)
ZwiÄ™rzÄ™ 0 : (2,3)
ZwiÄ™rzÄ™ 1 : (3,2)
]]></system-out>
  <system-err><![CDATA[]]></system-err>
</testsuite>
