<?xml version="1.0" encoding="UTF-8"?>
<testsuite name="agh.ics.oop.model.GrassFieldTest" tests="1" skipped="0" failures="0" errors="0" timestamp="2024-02-13T21:00:03" hostname="ARIEL_PC" time="1.288">
  <properties/>
  <testcase name="TestObjectAt()" classname="agh.ics.oop.model.GrassFieldTest" time="1.288"/>
  <system-out><![CDATA[]]></system-out>
  <system-err><![CDATA[]]></system-err>
</testsuite>
